"2021-Mar-20 19:14:40 [restartedMain] INFO  com.purchase.home.HomeApplication - ... Purchase - Home App Started ..
""2021-Mar-20 19:14:59 [Thread-4] INFO  org.springframework.scheduling.concurrent.ThreadPoolTaskExecutor - Shutting down ExecutorService 'applicationTaskExecutor'
""2021-Mar-20 19:14:59 [Thread-4] INFO  org.springframework.orm.jpa.LocalContainerEntityManagerFactoryBean - Closing JPA EntityManagerFactory for persistence unit 'default'
""2021-Mar-20 19:14:59 [Thread-4] INFO  com.zaxxer.hikari.HikariDataSource - HikariPool-1 - Shutdown initiated...
""2021-Mar-20 19:14:59 [Thread-4] INFO  com.zaxxer.hikari.HikariDataSource - HikariPool-1 - Shutdown completed.
""2021-Mar-20 19:14:59 [restartedMain] INFO  com.purchase.home.HomeApplication - Starting HomeApplication using Java 11.0.9.1 on yuvi2007-PC with PID 1852 (F:\Users\yuvi2007\git\purchaseSpringBoot\target\classes started by yuvi2007 in F:\Users\yuvi2007\git\purchaseSpringBoot)
""2021-Mar-20 19:14:59 [restartedMain] INFO  com.purchase.home.HomeApplication - No active profile set, falling back to default profiles: default
""2021-Mar-20 19:15:00 [restartedMain] INFO  org.springframework.data.repository.config.RepositoryConfigurationDelegate - Bootstrapping Spring Data JPA repositories in DEFAULT mode.
""2021-Mar-20 19:15:00 [restartedMain] INFO  org.springframework.data.repository.config.RepositoryConfigurationDelegate - Finished Spring Data repository scanning in 26 ms. Found 1 JPA repository interfaces.
""2021-Mar-20 19:15:00 [restartedMain] INFO  org.springframework.boot.web.embedded.tomcat.TomcatWebServer - Tomcat initialized with port(s): 9988 (http)
""2021-Mar-20 19:15:00 [restartedMain] INFO  org.apache.catalina.core.StandardService - Starting service [Tomcat]
""2021-Mar-20 19:15:00 [restartedMain] INFO  org.apache.catalina.core.StandardEngine - Starting Servlet engine: [Apache Tomcat/9.0.43]
""2021-Mar-20 19:15:00 [restartedMain] INFO  org.apache.catalina.core.ContainerBase.[Tomcat].[localhost].[/] - Initializing Spring embedded WebApplicationContext
""2021-Mar-20 19:15:00 [restartedMain] INFO  org.springframework.boot.web.servlet.context.ServletWebServerApplicationContext - Root WebApplicationContext: initialization completed in 1259 ms
""2021-Mar-20 19:15:01 [restartedMain] INFO  org.hibernate.jpa.internal.util.LogHelper - HHH000204: Processing PersistenceUnitInfo [name: default]
""2021-Mar-20 19:15:01 [restartedMain] INFO  com.zaxxer.hikari.HikariDataSource - HikariPool-2 - Starting...
""2021-Mar-20 19:15:01 [restartedMain] INFO  com.zaxxer.hikari.HikariDataSource - HikariPool-2 - Start completed.
""2021-Mar-20 19:15:01 [restartedMain] INFO  org.hibernate.dialect.Dialect - HHH000400: Using dialect: org.hibernate.dialect.MySQL8Dialect
""2021-Mar-20 19:15:01 [restartedMain] INFO  org.hibernate.engine.transaction.jta.platform.internal.JtaPlatformInitiator - HHH000490: Using JtaPlatform implementation: [org.hibernate.engine.transaction.jta.platform.internal.NoJtaPlatform]
""2021-Mar-20 19:15:01 [restartedMain] INFO  org.springframework.orm.jpa.LocalContainerEntityManagerFactoryBean - Initialized JPA EntityManagerFactory for persistence unit 'default'
""2021-Mar-20 19:15:01 [restartedMain] INFO  org.springframework.boot.devtools.autoconfigure.OptionalLiveReloadServer - LiveReload server is running on port 35729
""2021-Mar-20 19:15:01 [restartedMain] WARN  org.springframework.boot.autoconfigure.orm.jpa.JpaBaseConfiguration$JpaWebConfiguration - spring.jpa.open-in-view is enabled by default. Therefore, database queries may be performed during view rendering. Explicitly configure spring.jpa.open-in-view to disable this warning
""2021-Mar-20 19:15:01 [restartedMain] INFO  org.springframework.scheduling.concurrent.ThreadPoolTaskExecutor - Initializing ExecutorService 'applicationTaskExecutor'
""2021-Mar-20 19:15:03 [restartedMain] INFO  org.springframework.security.web.DefaultSecurityFilterChain - Will secure any request with [org.springframework.security.web.context.request.async.WebAsyncManagerIntegrationFilter@8aa74c, org.springframework.security.web.context.SecurityContextPersistenceFilter@173367e, org.springframework.security.web.header.HeaderWriterFilter@c04ff0, org.springframework.security.web.csrf.CsrfFilter@1d0f652, org.springframework.security.web.authentication.logout.LogoutFilter@bd98eb, org.springframework.security.web.authentication.UsernamePasswordAuthenticationFilter@1797a13, org.springframework.security.web.authentication.ui.DefaultLoginPageGeneratingFilter@ae038d, org.springframework.security.web.authentication.ui.DefaultLogoutPageGeneratingFilter@162d29f, org.springframework.security.web.authentication.www.BasicAuthenticationFilter@108aad7, org.springframework.security.web.savedrequest.RequestCacheAwareFilter@8ec079, org.springframework.security.web.servletapi.SecurityContextHolderAwareRequestFilter@55ad57, org.springframework.security.web.authentication.AnonymousAuthenticationFilter@1a18282, org.springframework.security.web.session.SessionManagementFilter@11d2929, org.springframework.security.web.access.ExceptionTranslationFilter@17416c7, org.springframework.security.web.access.intercept.FilterSecurityInterceptor@1271319]
""2021-Mar-20 19:15:03 [restartedMain] INFO  org.springframework.boot.web.embedded.tomcat.TomcatWebServer - Tomcat started on port(s): 9988 (http) with context path ''
""2021-Mar-20 19:15:03 [restartedMain] INFO  com.purchase.home.HomeApplication - Started HomeApplication in 3.58 seconds (JVM running for 40.868)
""2021-Mar-20 19:15:03 [restartedMain] INFO  org.springframework.boot.devtools.autoconfigure.ConditionEvaluationDeltaLoggingListener - Condition evaluation unchanged
""2021-Mar-20 19:15:03 [restartedMain] INFO  com.purchase.home.HomeApplication - ... Purchase - Home App Started ..
"